<?xml version="1.0" encoding="UTF-8"?>
<testsuite xmlns:xsi="http://www.w3.org/2001/XMLSchema-instance" xsi:noNamespaceSchemaLocation="https://maven.apache.org/surefire/maven-surefire-plugin/xsd/surefire-test-report.xsd" name="nl.fhict.websocket.logics.CheckWinLogicTest" time="0.007" tests="2" errors="0" skipped="0" failures="0">
  <properties>
[...]
</properties>
  <testcase name="getWinningDiscs" classname="nl.fhict.websocket.logics.CheckWinLogicTest" time="0.001"/>
  <testcase name="checkWin" classname="nl.fhict.websocket.logics.CheckWinLogicTest" time="0"/>
</testsuite>